<?xml version="1.0" encoding="UTF-8"?>
<!-- Generated by org.testng.reporters.JUnitXMLReporter -->
<testsuite ignored="0" hostname="Anurags-Air.fritz.box" failures="0" tests="4" name="Default test" time="5.74" errors="0" timestamp="2024-04-07T15:46:44 CEST">
  <testcase classname="tests.RegistrationTest" name="tc01_validateClearButton" time="0.725"/>
  <testcase classname="tests.RegistrationTest" name="tc02_validateInvalidEmailValidationMsg" time="0.802"/>
  <testcase classname="tests.RegistrationTest" name="tc03_validatePasswordFieldIsMasked" time="0.06"/>
  <testcase classname="tests.RegistrationTest" name="tc04_validateSuccessMessageForValidForm" time="0.72"/>
</testsuite> <!-- Default test -->
