<?xml version="1.0" encoding="UTF-8"?>
<!-- Generated by org.testng.reporters.JUnitXMLReporter -->
<testsuite ignored="0" hostname="Anurags-Air.fritz.box" failures="0" tests="4" name="Default test" time="8.881" errors="0" timestamp="2024-04-09T18:57:55 CEST">
  <testcase classname="tests.RegistrationTest" name="tc01_validateClearButton" time="0.796"/>
  <testcase classname="tests.RegistrationTest" name="tc02_validateInvalidEmailValidationMsg" time="1.044"/>
  <testcase classname="tests.RegistrationTest" name="tc03_validatePasswordFieldIsMasked" time="0.082"/>
  <testcase classname="tests.RegistrationTest" name="tc04_validateSuccessMessageForValidForm" time="1.213"/>
</testsuite> <!-- Default test -->
