<?xml version="1.0" encoding="UTF-8"?>
<!-- Generated by org.testng.reporters.JUnitXMLReporter -->
<testsuite ignored="3" hostname="Anurags-Air.fritz.box" failures="0" tests="1" name="Default test(failed)" time="4.438" errors="0" timestamp="2024-04-07T15:31:57 CEST">
  <testcase classname="tests.RegistrationTest" name="validateSuccessMessageForValidForm" time="1.097"/>
  <testcase classname="tests.RegistrationTest" name="validatePasswordFieldIsMasked" time="0.0">
    <ignored/>
  </testcase> <!-- validatePasswordFieldIsMasked -->
  <testcase classname="tests.RegistrationTest" name="validateClearButton" time="0.0">
    <ignored/>
  </testcase> <!-- validateClearButton -->
  <testcase classname="tests.RegistrationTest" name="validateInvalidEmailValidationMsg" time="0.0">
    <ignored/>
  </testcase> <!-- validateInvalidEmailValidationMsg -->
</testsuite> <!-- Default test(failed) -->
